1620955577858	geckodriver	INFO	Listening on 127.0.0.1:53941
1620955577866	mozrunner::runner	INFO	Running command: "/usr/bin/firefox" "--marionette" "-headless" "--proxy-server=127.63.13.19:3184" "-foreground" "-no-remote" "-profile" "/tmp/rust_mozprofilegw2thK"
*** You are running in headless mode.
1620955578437	Marionette	INFO	Marionette enabled

(/usr/lib/firefox/firefox:111186): GLib-GObject-CRITICAL **: 20:26:19.284: g_object_set: assertion 'G_IS_OBJECT (object)' failed

(/usr/lib/firefox/firefox:111206): GLib-GObject-CRITICAL **: 20:26:19.539: g_object_set: assertion 'G_IS_OBJECT (object)' failed
console.warn: SearchSettings: "get: No settings file exists, new profile?" (new Error("", "(unknown module)"))
1620955580567	Marionette	INFO	Listening on port 43467
1620955580611	Marionette	WARN	TLS certificate errors will be ignored for this session

(/usr/lib/firefox/firefox:111284): GLib-GObject-CRITICAL **: 20:26:20.723: g_object_set: assertion 'G_IS_OBJECT (object)' failed
JavaScript warning: https://github.githubassets.com/assets/webgl-globe-a05cd4b5.js, line 1: WebGL warning: <Create>: Can't use WebGL in headless mode (https://bugzil.la/1375585).
JavaScript warning: https://github.githubassets.com/assets/webgl-globe-a05cd4b5.js, line 1: Failed to create WebGL context: WebGL creation failed: 
* Can't use WebGL in headless mode (https://bugzil.la/1375585).
JavaScript warning: https://github.githubassets.com/assets/webgl-globe-a05cd4b5.js, line 1: WebGL warning: <Create>: Can't use WebGL in headless mode (https://bugzil.la/1375585).
JavaScript warning: https://github.githubassets.com/assets/webgl-globe-a05cd4b5.js, line 1: Failed to create WebGL context: WebGL creation failed: 
* Can't use WebGL in headless mode (https://bugzil.la/1375585).
JavaScript warning: https://github.githubassets.com/assets/webgl-globe-a05cd4b5.js, line 1: WebGL warning: <Create>: Can't use WebGL in headless mode (https://bugzil.la/1375585).
JavaScript warning: https://github.githubassets.com/assets/webgl-globe-a05cd4b5.js, line 1: Failed to create WebGL context: WebGL creation failed: 
* Can't use WebGL in headless mode (https://bugzil.la/1375585).
JavaScript error: https://github.githubassets.com/assets/environment-0b3798e0.js, line 1: Error: could not resolve ./chunk-jump-to.js, error loading the module
1620955584983	Marionette	INFO	Stopped listening on port 43467
1620955633817	geckodriver	INFO	Listening on 127.0.0.1:56983
1620955633825	mozrunner::runner	INFO	Running command: "/usr/bin/firefox" "--marionette" "-headless" "--proxy-server=127.63.13.19:3184" "-foreground" "-no-remote" "-profile" "/tmp/rust_mozprofile72D9tY"
*** You are running in headless mode.
1620955634367	Marionette	INFO	Marionette enabled

(/usr/lib/firefox/firefox:111862): GLib-GObject-CRITICAL **: 20:27:15.149: g_object_set: assertion 'G_IS_OBJECT (object)' failed

(/usr/lib/firefox/firefox:111882): GLib-GObject-CRITICAL **: 20:27:15.397: g_object_set: assertion 'G_IS_OBJECT (object)' failed
console.warn: SearchSettings: "get: No settings file exists, new profile?" (new Error("", "(unknown module)"))
1620955636513	Marionette	INFO	Listening on port 45955
1620955636574	Marionette	WARN	TLS certificate errors will be ignored for this session

(/usr/lib/firefox/firefox:111956): GLib-GObject-CRITICAL **: 20:27:16.633: g_object_set: assertion 'G_IS_OBJECT (object)' failed
JavaScript warning: https://github.githubassets.com/assets/webgl-globe-a05cd4b5.js, line 1: WebGL warning: <Create>: Can't use WebGL in headless mode (https://bugzil.la/1375585).
JavaScript warning: https://github.githubassets.com/assets/webgl-globe-a05cd4b5.js, line 1: Failed to create WebGL context: WebGL creation failed: 
* Can't use WebGL in headless mode (https://bugzil.la/1375585).
JavaScript warning: https://github.githubassets.com/assets/webgl-globe-a05cd4b5.js, line 1: WebGL warning: <Create>: Can't use WebGL in headless mode (https://bugzil.la/1375585).
JavaScript warning: https://github.githubassets.com/assets/webgl-globe-a05cd4b5.js, line 1: Failed to create WebGL context: WebGL creation failed: 
* Can't use WebGL in headless mode (https://bugzil.la/1375585).
JavaScript warning: https://github.githubassets.com/assets/webgl-globe-a05cd4b5.js, line 1: WebGL warning: <Create>: Can't use WebGL in headless mode (https://bugzil.la/1375585).
JavaScript warning: https://github.githubassets.com/assets/webgl-globe-a05cd4b5.js, line 1: Failed to create WebGL context: WebGL creation failed: 
* Can't use WebGL in headless mode (https://bugzil.la/1375585).
JavaScript error: https://github.githubassets.com/assets/environment-0b3798e0.js, line 1: Error: could not resolve ./chunk-jump-to.js, error loading the module
1620955640755	Marionette	INFO	Stopped listening on port 45955
1620955850343	geckodriver	INFO	Listening on 127.0.0.1:35119
1620955850350	mozrunner::runner	INFO	Running command: "/usr/bin/firefox" "--marionette" "-headless" "--proxy-server=127.63.13.19:3184" "-foreground" "-no-remote" "-profile" "/tmp/rust_mozprofileYSeASS"
*** You are running in headless mode.
1620955850901	Marionette	INFO	Marionette enabled

(/usr/lib/firefox/firefox:112329): GLib-GObject-CRITICAL **: 20:30:51.740: g_object_set: assertion 'G_IS_OBJECT (object)' failed

(/usr/lib/firefox/firefox:112349): GLib-GObject-CRITICAL **: 20:30:52.006: g_object_set: assertion 'G_IS_OBJECT (object)' failed
console.warn: SearchSettings: "get: No settings file exists, new profile?" (new Error("", "(unknown module)"))
1620955853099	Marionette	INFO	Listening on port 33495
1620955853184	Marionette	WARN	TLS certificate errors will be ignored for this session

(/usr/lib/firefox/firefox:112425): GLib-GObject-CRITICAL **: 20:30:53.263: g_object_set: assertion 'G_IS_OBJECT (object)' failed
console.error: Region.jsm: "Error fetching region" (new Error("TIMEOUT", "resource://gre/modules/Region.jsm", 772))
console.error: Region.jsm: "Failed to fetch region" (new Error("TIMEOUT", "resource://gre/modules/Region.jsm", 419))
JavaScript warning: https://github.githubassets.com/assets/webgl-globe-a05cd4b5.js, line 1: WebGL warning: <Create>: Can't use WebGL in headless mode (https://bugzil.la/1375585).
JavaScript warning: https://github.githubassets.com/assets/webgl-globe-a05cd4b5.js, line 1: Failed to create WebGL context: WebGL creation failed: 
* Can't use WebGL in headless mode (https://bugzil.la/1375585).
JavaScript warning: https://github.githubassets.com/assets/webgl-globe-a05cd4b5.js, line 1: WebGL warning: <Create>: Can't use WebGL in headless mode (https://bugzil.la/1375585).
JavaScript warning: https://github.githubassets.com/assets/webgl-globe-a05cd4b5.js, line 1: Failed to create WebGL context: WebGL creation failed: 
* Can't use WebGL in headless mode (https://bugzil.la/1375585).
JavaScript warning: https://github.githubassets.com/assets/webgl-globe-a05cd4b5.js, line 1: WebGL warning: <Create>: Can't use WebGL in headless mode (https://bugzil.la/1375585).
JavaScript warning: https://github.githubassets.com/assets/webgl-globe-a05cd4b5.js, line 1: Failed to create WebGL context: WebGL creation failed: 
* Can't use WebGL in headless mode (https://bugzil.la/1375585).
JavaScript error: https://github.githubassets.com/assets/environment-0b3798e0.js, line 1: Error: could not resolve ./chunk-jump-to.js, error loading the module
1620955881163	Marionette	INFO	Stopped listening on port 33495
