1620538520326	geckodriver	INFO	Listening on 127.0.0.1:37761
1620538520333	mozrunner::runner	INFO	Running command: "/usr/bin/firefox" "--marionette" "-headless" "--proxy-server=127.63.13.19:3184" "-foreground" "-no-remote" "-profile" "/tmp/rust_mozprofilevX8dLS"
*** You are running in headless mode.
1620538520858	Marionette	INFO	Marionette enabled

(/usr/lib/firefox/firefox:52009): GLib-GObject-CRITICAL **: 00:35:21.659: g_object_set: assertion 'G_IS_OBJECT (object)' failed

(/usr/lib/firefox/firefox:52029): GLib-GObject-CRITICAL **: 00:35:21.903: g_object_set: assertion 'G_IS_OBJECT (object)' failed
console.warn: SearchSettings: "get: No settings file exists, new profile?" (new Error("", "(unknown module)"))
1620538523022	Marionette	INFO	Listening on port 34691
1620538523078	Marionette	WARN	TLS certificate errors will be ignored for this session

(/usr/lib/firefox/firefox:52103): GLib-GObject-CRITICAL **: 00:35:23.137: g_object_set: assertion 'G_IS_OBJECT (object)' failed
JavaScript warning: https://github.githubassets.com/assets/webgl-globe-a05cd4b5.js, line 1: WebGL warning: <Create>: Can't use WebGL in headless mode (https://bugzil.la/1375585).
JavaScript warning: https://github.githubassets.com/assets/webgl-globe-a05cd4b5.js, line 1: Failed to create WebGL context: WebGL creation failed: 
* Can't use WebGL in headless mode (https://bugzil.la/1375585).
JavaScript warning: https://github.githubassets.com/assets/webgl-globe-a05cd4b5.js, line 1: WebGL warning: <Create>: Can't use WebGL in headless mode (https://bugzil.la/1375585).
JavaScript warning: https://github.githubassets.com/assets/webgl-globe-a05cd4b5.js, line 1: Failed to create WebGL context: WebGL creation failed: 
* Can't use WebGL in headless mode (https://bugzil.la/1375585).
JavaScript warning: https://github.githubassets.com/assets/webgl-globe-a05cd4b5.js, line 1: WebGL warning: <Create>: Can't use WebGL in headless mode (https://bugzil.la/1375585).
JavaScript warning: https://github.githubassets.com/assets/webgl-globe-a05cd4b5.js, line 1: Failed to create WebGL context: WebGL creation failed: 
* Can't use WebGL in headless mode (https://bugzil.la/1375585).
JavaScript error: https://github.githubassets.com/assets/environment-0b3798e0.js, line 1: Error: could not resolve ./chunk-jump-to.js, error loading the module
1620538526835	Marionette	INFO	Stopped listening on port 34691
1620538578176	geckodriver	INFO	Listening on 127.0.0.1:40817
1620538578183	mozrunner::runner	INFO	Running command: "/usr/bin/firefox" "--marionette" "-headless" "--proxy-server=127.63.13.19:3184" "-foreground" "-no-remote" "-profile" "/tmp/rust_mozprofileCebnjZ"
*** You are running in headless mode.
1620538578713	Marionette	INFO	Marionette enabled

(/usr/lib/firefox/firefox:52321): GLib-GObject-CRITICAL **: 00:36:19.492: g_object_set: assertion 'G_IS_OBJECT (object)' failed

(/usr/lib/firefox/firefox:52341): GLib-GObject-CRITICAL **: 00:36:19.728: g_object_set: assertion 'G_IS_OBJECT (object)' failed
console.warn: SearchSettings: "get: No settings file exists, new profile?" (new Error("", "(unknown module)"))
1620538580767	Marionette	INFO	Listening on port 38733
1620538580829	Marionette	WARN	TLS certificate errors will be ignored for this session

(/usr/lib/firefox/firefox:52417): GLib-GObject-CRITICAL **: 00:36:20.910: g_object_set: assertion 'G_IS_OBJECT (object)' failed
JavaScript warning: https://github.githubassets.com/assets/webgl-globe-a05cd4b5.js, line 1: WebGL warning: <Create>: Can't use WebGL in headless mode (https://bugzil.la/1375585).
JavaScript warning: https://github.githubassets.com/assets/webgl-globe-a05cd4b5.js, line 1: Failed to create WebGL context: WebGL creation failed: 
* Can't use WebGL in headless mode (https://bugzil.la/1375585).
JavaScript warning: https://github.githubassets.com/assets/webgl-globe-a05cd4b5.js, line 1: WebGL warning: <Create>: Can't use WebGL in headless mode (https://bugzil.la/1375585).
JavaScript warning: https://github.githubassets.com/assets/webgl-globe-a05cd4b5.js, line 1: Failed to create WebGL context: WebGL creation failed: 
* Can't use WebGL in headless mode (https://bugzil.la/1375585).
JavaScript warning: https://github.githubassets.com/assets/webgl-globe-a05cd4b5.js, line 1: WebGL warning: <Create>: Can't use WebGL in headless mode (https://bugzil.la/1375585).
JavaScript warning: https://github.githubassets.com/assets/webgl-globe-a05cd4b5.js, line 1: Failed to create WebGL context: WebGL creation failed: 
* Can't use WebGL in headless mode (https://bugzil.la/1375585).
JavaScript error: https://github.githubassets.com/assets/environment-0b3798e0.js, line 1: Error: could not resolve ./chunk-jump-to.js, error loading the module
1620538584741	Marionette	INFO	Stopped listening on port 38733
1620538774046	geckodriver	INFO	Listening on 127.0.0.1:59139
1620538774053	mozrunner::runner	INFO	Running command: "/usr/bin/firefox" "--marionette" "-headless" "--proxy-server=127.63.13.19:3184" "-foreground" "-no-remote" "-profile" "/tmp/rust_mozprofileVXbpS9"
*** You are running in headless mode.
1620538774575	Marionette	INFO	Marionette enabled

(/usr/lib/firefox/firefox:52768): GLib-GObject-CRITICAL **: 00:39:35.360: g_object_set: assertion 'G_IS_OBJECT (object)' failed

(/usr/lib/firefox/firefox:52788): GLib-GObject-CRITICAL **: 00:39:35.599: g_object_set: assertion 'G_IS_OBJECT (object)' failed
console.warn: SearchSettings: "get: No settings file exists, new profile?" (new Error("", "(unknown module)"))
1620538776778	Marionette	INFO	Listening on port 45875

(/usr/lib/firefox/firefox:52865): GLib-GObject-CRITICAL **: 00:39:36.854: g_object_set: assertion 'G_IS_OBJECT (object)' failed
1620538776887	Marionette	WARN	TLS certificate errors will be ignored for this session
JavaScript warning: https://github.githubassets.com/assets/webgl-globe-a05cd4b5.js, line 1: WebGL warning: <Create>: Can't use WebGL in headless mode (https://bugzil.la/1375585).
JavaScript warning: https://github.githubassets.com/assets/webgl-globe-a05cd4b5.js, line 1: Failed to create WebGL context: WebGL creation failed: 
* Can't use WebGL in headless mode (https://bugzil.la/1375585).
JavaScript warning: https://github.githubassets.com/assets/webgl-globe-a05cd4b5.js, line 1: WebGL warning: <Create>: Can't use WebGL in headless mode (https://bugzil.la/1375585).
JavaScript warning: https://github.githubassets.com/assets/webgl-globe-a05cd4b5.js, line 1: Failed to create WebGL context: WebGL creation failed: 
* Can't use WebGL in headless mode (https://bugzil.la/1375585).
JavaScript warning: https://github.githubassets.com/assets/webgl-globe-a05cd4b5.js, line 1: WebGL warning: <Create>: Can't use WebGL in headless mode (https://bugzil.la/1375585).
JavaScript warning: https://github.githubassets.com/assets/webgl-globe-a05cd4b5.js, line 1: Failed to create WebGL context: WebGL creation failed: 
* Can't use WebGL in headless mode (https://bugzil.la/1375585).
JavaScript error: https://github.githubassets.com/assets/environment-0b3798e0.js, line 1: Error: could not resolve ./chunk-jump-to.js, error loading the module
1620538923084	geckodriver	INFO	Listening on 127.0.0.1:50159
1620538923091	mozrunner::runner	INFO	Running command: "/usr/bin/firefox" "--marionette" "-headless" "--proxy-server=127.63.13.19:3184" "-foreground" "-no-remote" "-profile" "/tmp/rust_mozprofileePQwPz"
*** You are running in headless mode.
1620538923616	Marionette	INFO	Marionette enabled

(/usr/lib/firefox/firefox:53221): GLib-GObject-CRITICAL **: 00:42:04.392: g_object_set: assertion 'G_IS_OBJECT (object)' failed

(/usr/lib/firefox/firefox:53241): GLib-GObject-CRITICAL **: 00:42:04.636: g_object_set: assertion 'G_IS_OBJECT (object)' failed
console.warn: SearchSettings: "get: No settings file exists, new profile?" (new Error("", "(unknown module)"))
1620538925747	Marionette	INFO	Listening on port 37587
1620538925826	Marionette	WARN	TLS certificate errors will be ignored for this session

(/usr/lib/firefox/firefox:53316): GLib-GObject-CRITICAL **: 00:42:05.851: g_object_set: assertion 'G_IS_OBJECT (object)' failed
JavaScript warning: https://github.githubassets.com/assets/webgl-globe-a05cd4b5.js, line 1: WebGL warning: <Create>: Can't use WebGL in headless mode (https://bugzil.la/1375585).
JavaScript warning: https://github.githubassets.com/assets/webgl-globe-a05cd4b5.js, line 1: Failed to create WebGL context: WebGL creation failed: 
* Can't use WebGL in headless mode (https://bugzil.la/1375585).
JavaScript warning: https://github.githubassets.com/assets/webgl-globe-a05cd4b5.js, line 1: WebGL warning: <Create>: Can't use WebGL in headless mode (https://bugzil.la/1375585).
JavaScript warning: https://github.githubassets.com/assets/webgl-globe-a05cd4b5.js, line 1: Failed to create WebGL context: WebGL creation failed: 
* Can't use WebGL in headless mode (https://bugzil.la/1375585).
JavaScript warning: https://github.githubassets.com/assets/webgl-globe-a05cd4b5.js, line 1: WebGL warning: <Create>: Can't use WebGL in headless mode (https://bugzil.la/1375585).
JavaScript warning: https://github.githubassets.com/assets/webgl-globe-a05cd4b5.js, line 1: Failed to create WebGL context: WebGL creation failed: 
* Can't use WebGL in headless mode (https://bugzil.la/1375585).
JavaScript error: https://github.githubassets.com/assets/environment-0b3798e0.js, line 1: Error: could not resolve ./chunk-jump-to.js, error loading the module
1620539160087	geckodriver	INFO	Listening on 127.0.0.1:33051
1620539160094	mozrunner::runner	INFO	Running command: "/usr/bin/firefox" "--marionette" "-headless" "--proxy-server=127.63.13.19:3184" "-foreground" "-no-remote" "-profile" "/tmp/rust_mozprofilenKtqO6"
*** You are running in headless mode.
1620539160641	Marionette	INFO	Marionette enabled

(/usr/lib/firefox/firefox:53658): GLib-GObject-CRITICAL **: 00:46:01.444: g_object_set: assertion 'G_IS_OBJECT (object)' failed

(/usr/lib/firefox/firefox:53678): GLib-GObject-CRITICAL **: 00:46:01.678: g_object_set: assertion 'G_IS_OBJECT (object)' failed
console.warn: SearchSettings: "get: No settings file exists, new profile?" (new Error("", "(unknown module)"))
1620539162817	Marionette	INFO	Listening on port 33115

(/usr/lib/firefox/firefox:53754): GLib-GObject-CRITICAL **: 00:46:02.926: g_object_set: assertion 'G_IS_OBJECT (object)' failed
1620539162930	Marionette	WARN	TLS certificate errors will be ignored for this session
JavaScript warning: https://github.githubassets.com/assets/webgl-globe-a05cd4b5.js, line 1: WebGL warning: <Create>: Can't use WebGL in headless mode (https://bugzil.la/1375585).
JavaScript warning: https://github.githubassets.com/assets/webgl-globe-a05cd4b5.js, line 1: Failed to create WebGL context: WebGL creation failed: 
* Can't use WebGL in headless mode (https://bugzil.la/1375585).
JavaScript warning: https://github.githubassets.com/assets/webgl-globe-a05cd4b5.js, line 1: WebGL warning: <Create>: Can't use WebGL in headless mode (https://bugzil.la/1375585).
JavaScript warning: https://github.githubassets.com/assets/webgl-globe-a05cd4b5.js, line 1: Failed to create WebGL context: WebGL creation failed: 
* Can't use WebGL in headless mode (https://bugzil.la/1375585).
JavaScript warning: https://github.githubassets.com/assets/webgl-globe-a05cd4b5.js, line 1: WebGL warning: <Create>: Can't use WebGL in headless mode (https://bugzil.la/1375585).
JavaScript warning: https://github.githubassets.com/assets/webgl-globe-a05cd4b5.js, line 1: Failed to create WebGL context: WebGL creation failed: 
* Can't use WebGL in headless mode (https://bugzil.la/1375585).
JavaScript error: https://github.githubassets.com/assets/environment-0b3798e0.js, line 1: Error: could not resolve ./chunk-jump-to.js, error loading the module
1620539166754	Marionette	INFO	Stopped listening on port 33115
1620539210714	geckodriver	INFO	Listening on 127.0.0.1:41759
1620539210721	mozrunner::runner	INFO	Running command: "/usr/bin/firefox" "--marionette" "-headless" "--proxy-server=127.63.13.19:3184" "-foreground" "-no-remote" "-profile" "/tmp/rust_mozprofile3iLb9C"
*** You are running in headless mode.
1620539211248	Marionette	INFO	Marionette enabled

(/usr/lib/firefox/firefox:53961): GLib-GObject-CRITICAL **: 00:46:52.043: g_object_set: assertion 'G_IS_OBJECT (object)' failed

(/usr/lib/firefox/firefox:53981): GLib-GObject-CRITICAL **: 00:46:52.287: g_object_set: assertion 'G_IS_OBJECT (object)' failed
console.warn: SearchSettings: "get: No settings file exists, new profile?" (new Error("", "(unknown module)"))
1620539213386	Marionette	INFO	Listening on port 36797
1620539213453	Marionette	WARN	TLS certificate errors will be ignored for this session

(/usr/lib/firefox/firefox:54056): GLib-GObject-CRITICAL **: 00:46:53.503: g_object_set: assertion 'G_IS_OBJECT (object)' failed
JavaScript warning: https://github.githubassets.com/assets/webgl-globe-a05cd4b5.js, line 1: WebGL warning: <Create>: Can't use WebGL in headless mode (https://bugzil.la/1375585).
JavaScript warning: https://github.githubassets.com/assets/webgl-globe-a05cd4b5.js, line 1: Failed to create WebGL context: WebGL creation failed: 
* Can't use WebGL in headless mode (https://bugzil.la/1375585).
JavaScript warning: https://github.githubassets.com/assets/webgl-globe-a05cd4b5.js, line 1: WebGL warning: <Create>: Can't use WebGL in headless mode (https://bugzil.la/1375585).
JavaScript warning: https://github.githubassets.com/assets/webgl-globe-a05cd4b5.js, line 1: Failed to create WebGL context: WebGL creation failed: 
* Can't use WebGL in headless mode (https://bugzil.la/1375585).
JavaScript warning: https://github.githubassets.com/assets/webgl-globe-a05cd4b5.js, line 1: WebGL warning: <Create>: Can't use WebGL in headless mode (https://bugzil.la/1375585).
JavaScript warning: https://github.githubassets.com/assets/webgl-globe-a05cd4b5.js, line 1: Failed to create WebGL context: WebGL creation failed: 
* Can't use WebGL in headless mode (https://bugzil.la/1375585).
JavaScript error: https://github.githubassets.com/assets/environment-0b3798e0.js, line 1: Error: could not resolve ./chunk-jump-to.js, error loading the module
1620539218331	Marionette	INFO	Stopped listening on port 36797
1620539305856	geckodriver	INFO	Listening on 127.0.0.1:43575
1620539305864	mozrunner::runner	INFO	Running command: "/usr/bin/firefox" "--marionette" "-headless" "--proxy-server=127.63.13.19:3184" "-foreground" "-no-remote" "-profile" "/tmp/rust_mozprofilectXJQT"
*** You are running in headless mode.
1620539306387	Marionette	INFO	Marionette enabled

(/usr/lib/firefox/firefox:54275): GLib-GObject-CRITICAL **: 00:48:27.167: g_object_set: assertion 'G_IS_OBJECT (object)' failed

(/usr/lib/firefox/firefox:54295): GLib-GObject-CRITICAL **: 00:48:27.411: g_object_set: assertion 'G_IS_OBJECT (object)' failed
console.warn: SearchSettings: "get: No settings file exists, new profile?" (new Error("", "(unknown module)"))
1620539308551	Marionette	INFO	Listening on port 43895
1620539308606	Marionette	WARN	TLS certificate errors will be ignored for this session

(/usr/lib/firefox/firefox:54370): GLib-GObject-CRITICAL **: 00:48:28.667: g_object_set: assertion 'G_IS_OBJECT (object)' failed
JavaScript warning: https://github.githubassets.com/assets/webgl-globe-a05cd4b5.js, line 1: WebGL warning: <Create>: Can't use WebGL in headless mode (https://bugzil.la/1375585).
JavaScript warning: https://github.githubassets.com/assets/webgl-globe-a05cd4b5.js, line 1: Failed to create WebGL context: WebGL creation failed: 
* Can't use WebGL in headless mode (https://bugzil.la/1375585).
JavaScript warning: https://github.githubassets.com/assets/webgl-globe-a05cd4b5.js, line 1: WebGL warning: <Create>: Can't use WebGL in headless mode (https://bugzil.la/1375585).
JavaScript warning: https://github.githubassets.com/assets/webgl-globe-a05cd4b5.js, line 1: Failed to create WebGL context: WebGL creation failed: 
* Can't use WebGL in headless mode (https://bugzil.la/1375585).
JavaScript warning: https://github.githubassets.com/assets/webgl-globe-a05cd4b5.js, line 1: WebGL warning: <Create>: Can't use WebGL in headless mode (https://bugzil.la/1375585).
JavaScript warning: https://github.githubassets.com/assets/webgl-globe-a05cd4b5.js, line 1: Failed to create WebGL context: WebGL creation failed: 
* Can't use WebGL in headless mode (https://bugzil.la/1375585).
JavaScript error: https://github.githubassets.com/assets/environment-0b3798e0.js, line 1: Error: could not resolve ./chunk-jump-to.js, error loading the module
1620539312194	Marionette	INFO	Stopped listening on port 43895
1620539483581	geckodriver	INFO	Listening on 127.0.0.1:42891
1620539483589	mozrunner::runner	INFO	Running command: "/usr/bin/firefox" "--marionette" "-headless" "--proxy-server=127.63.13.19:3184" "-foreground" "-no-remote" "-profile" "/tmp/rust_mozprofilecF6NtS"
*** You are running in headless mode.
1620539484122	Marionette	INFO	Marionette enabled

(/usr/lib/firefox/firefox:54617): GLib-GObject-CRITICAL **: 00:51:24.899: g_object_set: assertion 'G_IS_OBJECT (object)' failed

(/usr/lib/firefox/firefox:54637): GLib-GObject-CRITICAL **: 00:51:25.157: g_object_set: assertion 'G_IS_OBJECT (object)' failed
console.warn: SearchSettings: "get: No settings file exists, new profile?" (new Error("", "(unknown module)"))
1620539486261	Marionette	INFO	Listening on port 39797
1620539486327	Marionette	WARN	TLS certificate errors will be ignored for this session

(/usr/lib/firefox/firefox:54710): GLib-GObject-CRITICAL **: 00:51:26.380: g_object_set: assertion 'G_IS_OBJECT (object)' failed
JavaScript warning: https://github.githubassets.com/assets/webgl-globe-a05cd4b5.js, line 1: WebGL warning: <Create>: Can't use WebGL in headless mode (https://bugzil.la/1375585).
JavaScript warning: https://github.githubassets.com/assets/webgl-globe-a05cd4b5.js, line 1: Failed to create WebGL context: WebGL creation failed: 
* Can't use WebGL in headless mode (https://bugzil.la/1375585).
JavaScript warning: https://github.githubassets.com/assets/webgl-globe-a05cd4b5.js, line 1: WebGL warning: <Create>: Can't use WebGL in headless mode (https://bugzil.la/1375585).
JavaScript warning: https://github.githubassets.com/assets/webgl-globe-a05cd4b5.js, line 1: Failed to create WebGL context: WebGL creation failed: 
* Can't use WebGL in headless mode (https://bugzil.la/1375585).
JavaScript warning: https://github.githubassets.com/assets/webgl-globe-a05cd4b5.js, line 1: WebGL warning: <Create>: Can't use WebGL in headless mode (https://bugzil.la/1375585).
JavaScript warning: https://github.githubassets.com/assets/webgl-globe-a05cd4b5.js, line 1: Failed to create WebGL context: WebGL creation failed: 
* Can't use WebGL in headless mode (https://bugzil.la/1375585).
JavaScript error: https://github.githubassets.com/assets/environment-0b3798e0.js, line 1: Error: could not resolve ./chunk-jump-to.js, error loading the module
1620539520879	geckodriver	INFO	Listening on 127.0.0.1:44779
1620539520886	mozrunner::runner	INFO	Running command: "/usr/bin/firefox" "--marionette" "-headless" "--proxy-server=127.63.13.19:3184" "-foreground" "-no-remote" "-profile" "/tmp/rust_mozprofileFyLdLE"
*** You are running in headless mode.
1620539521415	Marionette	INFO	Marionette enabled

(/usr/lib/firefox/firefox:54903): GLib-GObject-CRITICAL **: 00:52:02.198: g_object_set: assertion 'G_IS_OBJECT (object)' failed

(/usr/lib/firefox/firefox:54923): GLib-GObject-CRITICAL **: 00:52:02.436: g_object_set: assertion 'G_IS_OBJECT (object)' failed
console.warn: SearchSettings: "get: No settings file exists, new profile?" (new Error("", "(unknown module)"))
1620539523582	Marionette	INFO	Listening on port 44543
1620539523626	Marionette	WARN	TLS certificate errors will be ignored for this session

(/usr/lib/firefox/firefox:55002): GLib-GObject-CRITICAL **: 00:52:03.678: g_object_set: assertion 'G_IS_OBJECT (object)' failed
JavaScript warning: https://github.githubassets.com/assets/webgl-globe-a05cd4b5.js, line 1: WebGL warning: <Create>: Can't use WebGL in headless mode (https://bugzil.la/1375585).
JavaScript warning: https://github.githubassets.com/assets/webgl-globe-a05cd4b5.js, line 1: Failed to create WebGL context: WebGL creation failed: 
* Can't use WebGL in headless mode (https://bugzil.la/1375585).
JavaScript warning: https://github.githubassets.com/assets/webgl-globe-a05cd4b5.js, line 1: WebGL warning: <Create>: Can't use WebGL in headless mode (https://bugzil.la/1375585).
JavaScript warning: https://github.githubassets.com/assets/webgl-globe-a05cd4b5.js, line 1: Failed to create WebGL context: WebGL creation failed: 
* Can't use WebGL in headless mode (https://bugzil.la/1375585).
JavaScript warning: https://github.githubassets.com/assets/webgl-globe-a05cd4b5.js, line 1: WebGL warning: <Create>: Can't use WebGL in headless mode (https://bugzil.la/1375585).
JavaScript warning: https://github.githubassets.com/assets/webgl-globe-a05cd4b5.js, line 1: Failed to create WebGL context: WebGL creation failed: 
* Can't use WebGL in headless mode (https://bugzil.la/1375585).
JavaScript error: https://github.githubassets.com/assets/environment-0b3798e0.js, line 1: Error: could not resolve ./chunk-jump-to.js, error loading the module
1620539587355	geckodriver	INFO	Listening on 127.0.0.1:53599
1620539587362	mozrunner::runner	INFO	Running command: "/usr/bin/firefox" "--marionette" "-headless" "--proxy-server=127.63.13.19:3184" "-foreground" "-no-remote" "-profile" "/tmp/rust_mozprofileyyw34Y"
*** You are running in headless mode.
1620539587932	Marionette	INFO	Marionette enabled

(/usr/lib/firefox/firefox:55240): GLib-GObject-CRITICAL **: 00:53:08.707: g_object_set: assertion 'G_IS_OBJECT (object)' failed

(/usr/lib/firefox/firefox:55262): GLib-GObject-CRITICAL **: 00:53:08.961: g_object_set: assertion 'G_IS_OBJECT (object)' failed
console.warn: SearchSettings: "get: No settings file exists, new profile?" (new Error("", "(unknown module)"))
1620539590086	Marionette	INFO	Listening on port 46425

(/usr/lib/firefox/firefox:55335): GLib-GObject-CRITICAL **: 00:53:10.203: g_object_set: assertion 'G_IS_OBJECT (object)' failed
1620539590204	Marionette	WARN	TLS certificate errors will be ignored for this session
JavaScript warning: https://github.githubassets.com/assets/webgl-globe-a05cd4b5.js, line 1: WebGL warning: <Create>: Can't use WebGL in headless mode (https://bugzil.la/1375585).
JavaScript warning: https://github.githubassets.com/assets/webgl-globe-a05cd4b5.js, line 1: Failed to create WebGL context: WebGL creation failed: 
* Can't use WebGL in headless mode (https://bugzil.la/1375585).
JavaScript warning: https://github.githubassets.com/assets/webgl-globe-a05cd4b5.js, line 1: WebGL warning: <Create>: Can't use WebGL in headless mode (https://bugzil.la/1375585).
JavaScript warning: https://github.githubassets.com/assets/webgl-globe-a05cd4b5.js, line 1: Failed to create WebGL context: WebGL creation failed: 
* Can't use WebGL in headless mode (https://bugzil.la/1375585).
JavaScript warning: https://github.githubassets.com/assets/webgl-globe-a05cd4b5.js, line 1: WebGL warning: <Create>: Can't use WebGL in headless mode (https://bugzil.la/1375585).
JavaScript warning: https://github.githubassets.com/assets/webgl-globe-a05cd4b5.js, line 1: Failed to create WebGL context: WebGL creation failed: 
* Can't use WebGL in headless mode (https://bugzil.la/1375585).
JavaScript error: https://github.githubassets.com/assets/environment-0b3798e0.js, line 1: Error: could not resolve ./chunk-jump-to.js, error loading the module
1620539594097	Marionette	INFO	Stopped listening on port 46425

###!!! [Parent][RunMessage] Error: Channel closing: too late to send/recv, messages will be lost

1620539632099	geckodriver	INFO	Listening on 127.0.0.1:44939
1620539632107	mozrunner::runner	INFO	Running command: "/usr/bin/firefox" "--marionette" "-headless" "--proxy-server=127.63.13.19:3184" "-foreground" "-no-remote" "-profile" "/tmp/rust_mozprofile2H3fhJ"
*** You are running in headless mode.
1620539632645	Marionette	INFO	Marionette enabled

(/usr/lib/firefox/firefox:55530): GLib-GObject-CRITICAL **: 00:53:53.419: g_object_set: assertion 'G_IS_OBJECT (object)' failed

(/usr/lib/firefox/firefox:55550): GLib-GObject-CRITICAL **: 00:53:53.660: g_object_set: assertion 'G_IS_OBJECT (object)' failed
console.warn: SearchSettings: "get: No settings file exists, new profile?" (new Error("", "(unknown module)"))
1620539634804	Marionette	INFO	Listening on port 38385
1620539634850	Marionette	WARN	TLS certificate errors will be ignored for this session

(/usr/lib/firefox/firefox:55625): GLib-GObject-CRITICAL **: 00:53:54.915: g_object_set: assertion 'G_IS_OBJECT (object)' failed
JavaScript warning: https://github.githubassets.com/assets/webgl-globe-a05cd4b5.js, line 1: WebGL warning: <Create>: Can't use WebGL in headless mode (https://bugzil.la/1375585).
JavaScript warning: https://github.githubassets.com/assets/webgl-globe-a05cd4b5.js, line 1: Failed to create WebGL context: WebGL creation failed: 
* Can't use WebGL in headless mode (https://bugzil.la/1375585).
JavaScript warning: https://github.githubassets.com/assets/webgl-globe-a05cd4b5.js, line 1: WebGL warning: <Create>: Can't use WebGL in headless mode (https://bugzil.la/1375585).
JavaScript warning: https://github.githubassets.com/assets/webgl-globe-a05cd4b5.js, line 1: Failed to create WebGL context: WebGL creation failed: 
* Can't use WebGL in headless mode (https://bugzil.la/1375585).
JavaScript warning: https://github.githubassets.com/assets/webgl-globe-a05cd4b5.js, line 1: WebGL warning: <Create>: Can't use WebGL in headless mode (https://bugzil.la/1375585).
JavaScript warning: https://github.githubassets.com/assets/webgl-globe-a05cd4b5.js, line 1: Failed to create WebGL context: WebGL creation failed: 
* Can't use WebGL in headless mode (https://bugzil.la/1375585).
JavaScript error: https://github.githubassets.com/assets/environment-0b3798e0.js, line 1: Error: could not resolve ./chunk-jump-to.js, error loading the module
1620539638691	Marionette	INFO	Stopped listening on port 38385
1620539658909	geckodriver	INFO	Listening on 127.0.0.1:56147
1620539658917	mozrunner::runner	INFO	Running command: "/usr/bin/firefox" "--marionette" "-headless" "--proxy-server=127.63.13.19:3184" "-foreground" "-no-remote" "-profile" "/tmp/rust_mozprofileTIlSCf"
*** You are running in headless mode.
1620539659444	Marionette	INFO	Marionette enabled

(/usr/lib/firefox/firefox:55821): GLib-GObject-CRITICAL **: 00:54:20.230: g_object_set: assertion 'G_IS_OBJECT (object)' failed

(/usr/lib/firefox/firefox:55841): GLib-GObject-CRITICAL **: 00:54:20.479: g_object_set: assertion 'G_IS_OBJECT (object)' failed
console.warn: SearchSettings: "get: No settings file exists, new profile?" (new Error("", "(unknown module)"))
1620539661484	Marionette	INFO	Listening on port 38517
1620539661550	Marionette	WARN	TLS certificate errors will be ignored for this session

(/usr/lib/firefox/firefox:55917): GLib-GObject-CRITICAL **: 00:54:21.636: g_object_set: assertion 'G_IS_OBJECT (object)' failed
JavaScript warning: https://github.githubassets.com/assets/webgl-globe-a05cd4b5.js, line 1: WebGL warning: <Create>: Can't use WebGL in headless mode (https://bugzil.la/1375585).
JavaScript warning: https://github.githubassets.com/assets/webgl-globe-a05cd4b5.js, line 1: Failed to create WebGL context: WebGL creation failed: 
* Can't use WebGL in headless mode (https://bugzil.la/1375585).
JavaScript warning: https://github.githubassets.com/assets/webgl-globe-a05cd4b5.js, line 1: WebGL warning: <Create>: Can't use WebGL in headless mode (https://bugzil.la/1375585).
JavaScript warning: https://github.githubassets.com/assets/webgl-globe-a05cd4b5.js, line 1: Failed to create WebGL context: WebGL creation failed: 
* Can't use WebGL in headless mode (https://bugzil.la/1375585).
JavaScript warning: https://github.githubassets.com/assets/webgl-globe-a05cd4b5.js, line 1: WebGL warning: <Create>: Can't use WebGL in headless mode (https://bugzil.la/1375585).
JavaScript warning: https://github.githubassets.com/assets/webgl-globe-a05cd4b5.js, line 1: Failed to create WebGL context: WebGL creation failed: 
* Can't use WebGL in headless mode (https://bugzil.la/1375585).
JavaScript error: https://github.githubassets.com/assets/environment-0b3798e0.js, line 1: Error: could not resolve ./chunk-jump-to.js, error loading the module
1620539666631	Marionette	INFO	Stopped listening on port 38517
1620539694102	geckodriver	INFO	Listening on 127.0.0.1:42223
1620539694109	mozrunner::runner	INFO	Running command: "/usr/bin/firefox" "--marionette" "-headless" "--proxy-server=127.63.13.19:3184" "-foreground" "-no-remote" "-profile" "/tmp/rust_mozprofileP3olzn"
*** You are running in headless mode.
1620539694639	Marionette	INFO	Marionette enabled

(/usr/lib/firefox/firefox:56127): GLib-GObject-CRITICAL **: 00:54:55.422: g_object_set: assertion 'G_IS_OBJECT (object)' failed

(/usr/lib/firefox/firefox:56147): GLib-GObject-CRITICAL **: 00:54:55.667: g_object_set: assertion 'G_IS_OBJECT (object)' failed
console.warn: SearchSettings: "get: No settings file exists, new profile?" (new Error("", "(unknown module)"))
1620539696809	Marionette	INFO	Listening on port 37517
1620539696855	Marionette	WARN	TLS certificate errors will be ignored for this session

(/usr/lib/firefox/firefox:56222): GLib-GObject-CRITICAL **: 00:54:56.929: g_object_set: assertion 'G_IS_OBJECT (object)' failed
JavaScript warning: https://github.githubassets.com/assets/webgl-globe-a05cd4b5.js, line 1: WebGL warning: <Create>: Can't use WebGL in headless mode (https://bugzil.la/1375585).
JavaScript warning: https://github.githubassets.com/assets/webgl-globe-a05cd4b5.js, line 1: Failed to create WebGL context: WebGL creation failed: 
* Can't use WebGL in headless mode (https://bugzil.la/1375585).
JavaScript warning: https://github.githubassets.com/assets/webgl-globe-a05cd4b5.js, line 1: WebGL warning: <Create>: Can't use WebGL in headless mode (https://bugzil.la/1375585).
JavaScript warning: https://github.githubassets.com/assets/webgl-globe-a05cd4b5.js, line 1: Failed to create WebGL context: WebGL creation failed: 
* Can't use WebGL in headless mode (https://bugzil.la/1375585).
JavaScript warning: https://github.githubassets.com/assets/webgl-globe-a05cd4b5.js, line 1: WebGL warning: <Create>: Can't use WebGL in headless mode (https://bugzil.la/1375585).
JavaScript warning: https://github.githubassets.com/assets/webgl-globe-a05cd4b5.js, line 1: Failed to create WebGL context: WebGL creation failed: 
* Can't use WebGL in headless mode (https://bugzil.la/1375585).
JavaScript error: https://github.githubassets.com/assets/environment-0b3798e0.js, line 1: Error: could not resolve ./chunk-jump-to.js, error loading the module
1620539700618	Marionette	INFO	Stopped listening on port 37517
1620540213487	geckodriver	INFO	Listening on 127.0.0.1:33883
1620540213494	mozrunner::runner	INFO	Running command: "/usr/bin/firefox" "--marionette" "-headless" "--proxy-server=127.63.13.19:3184" "-foreground" "-no-remote" "-profile" "/tmp/rust_mozprofileiU62r2"
*** You are running in headless mode.
1620540214028	Marionette	INFO	Marionette enabled

(/usr/lib/firefox/firefox:56621): GLib-GObject-CRITICAL **: 01:03:34.818: g_object_set: assertion 'G_IS_OBJECT (object)' failed

(/usr/lib/firefox/firefox:56641): GLib-GObject-CRITICAL **: 01:03:35.070: g_object_set: assertion 'G_IS_OBJECT (object)' failed
console.warn: SearchSettings: "get: No settings file exists, new profile?" (new Error("", "(unknown module)"))
1620540216210	Marionette	INFO	Listening on port 37649

(/usr/lib/firefox/firefox:56716): GLib-GObject-CRITICAL **: 01:03:36.315: g_object_set: assertion 'G_IS_OBJECT (object)' failed
1620540216329	Marionette	WARN	TLS certificate errors will be ignored for this session
JavaScript warning: https://github.githubassets.com/assets/webgl-globe-a05cd4b5.js, line 1: WebGL warning: <Create>: Can't use WebGL in headless mode (https://bugzil.la/1375585).
JavaScript warning: https://github.githubassets.com/assets/webgl-globe-a05cd4b5.js, line 1: Failed to create WebGL context: WebGL creation failed: 
* Can't use WebGL in headless mode (https://bugzil.la/1375585).
JavaScript warning: https://github.githubassets.com/assets/webgl-globe-a05cd4b5.js, line 1: WebGL warning: <Create>: Can't use WebGL in headless mode (https://bugzil.la/1375585).
JavaScript warning: https://github.githubassets.com/assets/webgl-globe-a05cd4b5.js, line 1: Failed to create WebGL context: WebGL creation failed: 
* Can't use WebGL in headless mode (https://bugzil.la/1375585).
JavaScript warning: https://github.githubassets.com/assets/webgl-globe-a05cd4b5.js, line 1: WebGL warning: <Create>: Can't use WebGL in headless mode (https://bugzil.la/1375585).
JavaScript warning: https://github.githubassets.com/assets/webgl-globe-a05cd4b5.js, line 1: Failed to create WebGL context: WebGL creation failed: 
* Can't use WebGL in headless mode (https://bugzil.la/1375585).
JavaScript error: https://github.githubassets.com/assets/environment-0b3798e0.js, line 1: Error: could not resolve ./chunk-jump-to.js, error loading the module
1620540219954	Marionette	INFO	Stopped listening on port 37649
1620540748851	geckodriver	INFO	Listening on 127.0.0.1:41537
1620540748860	mozrunner::runner	INFO	Running command: "/usr/bin/firefox" "--marionette" "-headless" "--proxy-server=127.63.13.19:3184" "-foreground" "-no-remote" "-profile" "/tmp/rust_mozprofileh9O18o"
*** You are running in headless mode.
1620540749448	Marionette	INFO	Marionette enabled

(/usr/lib/firefox/firefox:57556): GLib-GObject-CRITICAL **: 01:12:30.325: g_object_set: assertion 'G_IS_OBJECT (object)' failed

(/usr/lib/firefox/firefox:57576): GLib-GObject-CRITICAL **: 01:12:30.654: g_object_set: assertion 'G_IS_OBJECT (object)' failed
console.warn: SearchSettings: "get: No settings file exists, new profile?" (new Error("", "(unknown module)"))
1620540751758	Marionette	INFO	Listening on port 32775
1620540751810	Marionette	WARN	TLS certificate errors will be ignored for this session

(/usr/lib/firefox/firefox:57652): GLib-GObject-CRITICAL **: 01:12:31.903: g_object_set: assertion 'G_IS_OBJECT (object)' failed
JavaScript warning: https://github.githubassets.com/assets/webgl-globe-a05cd4b5.js, line 1: WebGL warning: <Create>: Can't use WebGL in headless mode (https://bugzil.la/1375585).
JavaScript warning: https://github.githubassets.com/assets/webgl-globe-a05cd4b5.js, line 1: Failed to create WebGL context: WebGL creation failed: 
* Can't use WebGL in headless mode (https://bugzil.la/1375585).
JavaScript warning: https://github.githubassets.com/assets/webgl-globe-a05cd4b5.js, line 1: WebGL warning: <Create>: Can't use WebGL in headless mode (https://bugzil.la/1375585).
JavaScript warning: https://github.githubassets.com/assets/webgl-globe-a05cd4b5.js, line 1: Failed to create WebGL context: WebGL creation failed: 
* Can't use WebGL in headless mode (https://bugzil.la/1375585).
JavaScript warning: https://github.githubassets.com/assets/webgl-globe-a05cd4b5.js, line 1: WebGL warning: <Create>: Can't use WebGL in headless mode (https://bugzil.la/1375585).
JavaScript warning: https://github.githubassets.com/assets/webgl-globe-a05cd4b5.js, line 1: Failed to create WebGL context: WebGL creation failed: 
* Can't use WebGL in headless mode (https://bugzil.la/1375585).
JavaScript error: https://github.githubassets.com/assets/environment-0b3798e0.js, line 1: Error: could not resolve ./chunk-jump-to.js, error loading the module
1620540759135	Marionette	INFO	Stopped listening on port 32775
JavaScript error: chrome://global/content/elements/browser-custom-element.js, line 1709: NotFoundError: No such JSWindowActor 'MarionetteEvents'

###!!! [Parent][RunMessage] Error: Channel closing: too late to send/recv, messages will be lost


###!!! [Parent][RunMessage] Error: Channel closing: too late to send/recv, messages will be lost


###!!! [Parent][RunMessage] Error: Channel closing: too late to send/recv, messages will be lost

1620540776235	geckodriver	INFO	Listening on 127.0.0.1:35217
1620540776243	mozrunner::runner	INFO	Running command: "/usr/bin/firefox" "--marionette" "-headless" "--proxy-server=127.63.13.19:3184" "-foreground" "-no-remote" "-profile" "/tmp/rust_mozprofile3Mw2IV"
*** You are running in headless mode.
1620540776931	Marionette	INFO	Marionette enabled

(/usr/lib/firefox/firefox:57844): GLib-GObject-CRITICAL **: 01:12:57.801: g_object_set: assertion 'G_IS_OBJECT (object)' failed

(/usr/lib/firefox/firefox:57864): GLib-GObject-CRITICAL **: 01:12:58.105: g_object_set: assertion 'G_IS_OBJECT (object)' failed
console.warn: SearchSettings: "get: No settings file exists, new profile?" (new Error("", "(unknown module)"))
1620540779379	Marionette	INFO	Listening on port 35145
1620540779489	Marionette	WARN	TLS certificate errors will be ignored for this session

(/usr/lib/firefox/firefox:57946): GLib-GObject-CRITICAL **: 01:12:59.523: g_object_set: assertion 'G_IS_OBJECT (object)' failed
JavaScript warning: https://github.githubassets.com/assets/webgl-globe-a05cd4b5.js, line 1: WebGL warning: <Create>: Can't use WebGL in headless mode (https://bugzil.la/1375585).
JavaScript warning: https://github.githubassets.com/assets/webgl-globe-a05cd4b5.js, line 1: Failed to create WebGL context: WebGL creation failed: 
* Can't use WebGL in headless mode (https://bugzil.la/1375585).
JavaScript warning: https://github.githubassets.com/assets/webgl-globe-a05cd4b5.js, line 1: WebGL warning: <Create>: Can't use WebGL in headless mode (https://bugzil.la/1375585).
JavaScript warning: https://github.githubassets.com/assets/webgl-globe-a05cd4b5.js, line 1: Failed to create WebGL context: WebGL creation failed: 
* Can't use WebGL in headless mode (https://bugzil.la/1375585).
JavaScript warning: https://github.githubassets.com/assets/webgl-globe-a05cd4b5.js, line 1: WebGL warning: <Create>: Can't use WebGL in headless mode (https://bugzil.la/1375585).
JavaScript warning: https://github.githubassets.com/assets/webgl-globe-a05cd4b5.js, line 1: Failed to create WebGL context: WebGL creation failed: 
* Can't use WebGL in headless mode (https://bugzil.la/1375585).
JavaScript error: https://github.githubassets.com/assets/environment-0b3798e0.js, line 1: Error: could not resolve ./chunk-jump-to.js, error loading the module
1620540784945	Marionette	INFO	Stopped listening on port 35145
1620540891004	geckodriver	INFO	Listening on 127.0.0.1:59139
1620540891012	mozrunner::runner	INFO	Running command: "/usr/bin/firefox" "--marionette" "-headless" "--proxy-server=127.63.13.19:3184" "-foreground" "-no-remote" "-profile" "/tmp/rust_mozprofileldUqFi"
*** You are running in headless mode.
1620540891608	Marionette	INFO	Marionette enabled

(/usr/lib/firefox/firefox:58201): GLib-GObject-CRITICAL **: 01:14:52.464: g_object_set: assertion 'G_IS_OBJECT (object)' failed

(/usr/lib/firefox/firefox:58221): GLib-GObject-CRITICAL **: 01:14:52.779: g_object_set: assertion 'G_IS_OBJECT (object)' failed
console.warn: SearchSettings: "get: No settings file exists, new profile?" (new Error("", "(unknown module)"))
1620540894041	Marionette	INFO	Listening on port 34827

(/usr/lib/firefox/firefox:58299): GLib-GObject-CRITICAL **: 01:14:54.131: g_object_set: assertion 'G_IS_OBJECT (object)' failed
1620540894159	Marionette	WARN	TLS certificate errors will be ignored for this session
JavaScript warning: https://github.githubassets.com/assets/webgl-globe-a05cd4b5.js, line 1: WebGL warning: <Create>: Can't use WebGL in headless mode (https://bugzil.la/1375585).
JavaScript warning: https://github.githubassets.com/assets/webgl-globe-a05cd4b5.js, line 1: Failed to create WebGL context: WebGL creation failed: 
* Can't use WebGL in headless mode (https://bugzil.la/1375585).
JavaScript warning: https://github.githubassets.com/assets/webgl-globe-a05cd4b5.js, line 1: WebGL warning: <Create>: Can't use WebGL in headless mode (https://bugzil.la/1375585).
JavaScript warning: https://github.githubassets.com/assets/webgl-globe-a05cd4b5.js, line 1: Failed to create WebGL context: WebGL creation failed: 
* Can't use WebGL in headless mode (https://bugzil.la/1375585).
JavaScript warning: https://github.githubassets.com/assets/webgl-globe-a05cd4b5.js, line 1: WebGL warning: <Create>: Can't use WebGL in headless mode (https://bugzil.la/1375585).
JavaScript warning: https://github.githubassets.com/assets/webgl-globe-a05cd4b5.js, line 1: Failed to create WebGL context: WebGL creation failed: 
* Can't use WebGL in headless mode (https://bugzil.la/1375585).
JavaScript error: https://github.githubassets.com/assets/environment-0b3798e0.js, line 1: Error: could not resolve ./chunk-jump-to.js, error loading the module
JavaScript error: , line 0: NotFoundError: No such JSWindowActor 'MarionetteEvents'
1620540958832	geckodriver	INFO	Listening on 127.0.0.1:39283
1620540958839	mozrunner::runner	INFO	Running command: "/usr/bin/firefox" "--marionette" "-headless" "--proxy-server=127.63.13.19:3184" "-foreground" "-no-remote" "-profile" "/tmp/rust_mozprofileyQ2Ttq"
*** You are running in headless mode.
1620540959414	Marionette	INFO	Marionette enabled

(/usr/lib/firefox/firefox:58503): GLib-GObject-CRITICAL **: 01:16:00.300: g_object_set: assertion 'G_IS_OBJECT (object)' failed

(/usr/lib/firefox/firefox:58523): GLib-GObject-CRITICAL **: 01:16:00.603: g_object_set: assertion 'G_IS_OBJECT (object)' failed
console.warn: SearchSettings: "get: No settings file exists, new profile?" (new Error("", "(unknown module)"))
1620540961861	Marionette	INFO	Listening on port 34099
1620540961982	Marionette	WARN	TLS certificate errors will be ignored for this session

(/usr/lib/firefox/firefox:58601): GLib-GObject-CRITICAL **: 01:16:02.024: g_object_set: assertion 'G_IS_OBJECT (object)' failed
JavaScript warning: https://github.githubassets.com/assets/webgl-globe-a05cd4b5.js, line 1: WebGL warning: <Create>: Can't use WebGL in headless mode (https://bugzil.la/1375585).
JavaScript warning: https://github.githubassets.com/assets/webgl-globe-a05cd4b5.js, line 1: Failed to create WebGL context: WebGL creation failed: 
* Can't use WebGL in headless mode (https://bugzil.la/1375585).
JavaScript warning: https://github.githubassets.com/assets/webgl-globe-a05cd4b5.js, line 1: WebGL warning: <Create>: Can't use WebGL in headless mode (https://bugzil.la/1375585).
JavaScript warning: https://github.githubassets.com/assets/webgl-globe-a05cd4b5.js, line 1: Failed to create WebGL context: WebGL creation failed: 
* Can't use WebGL in headless mode (https://bugzil.la/1375585).
JavaScript warning: https://github.githubassets.com/assets/webgl-globe-a05cd4b5.js, line 1: WebGL warning: <Create>: Can't use WebGL in headless mode (https://bugzil.la/1375585).
JavaScript warning: https://github.githubassets.com/assets/webgl-globe-a05cd4b5.js, line 1: Failed to create WebGL context: WebGL creation failed: 
* Can't use WebGL in headless mode (https://bugzil.la/1375585).
JavaScript error: https://github.githubassets.com/assets/environment-0b3798e0.js, line 1: Error: could not resolve ./chunk-jump-to.js, error loading the module
